2016-10-08 21:09:12 TRACE HelloLog4j:20 - This is trace : richasdy
2016-10-08 21:09:12 DEBUG HelloLog4j:24 - This is debug : richasdy
2016-10-08 21:09:12 INFO  HelloLog4j:28 - This is info : richasdy
2016-10-08 21:09:12 WARN  HelloLog4j:32 - This is warn : richasdy
2016-10-08 21:09:12 ERROR HelloLog4j:33 - This is error : richasdy
2016-10-08 21:09:12 FATAL HelloLog4j:34 - This is fatal : richasdy
2016-10-08 21:10:55 TRACE HelloLog4j:20 - This is trace : richasdy
2016-10-08 21:10:55 DEBUG HelloLog4j:24 - This is debug : richasdy
2016-10-08 21:10:55 INFO  HelloLog4j:28 - This is info : richasdy
2016-10-08 21:10:55 WARN  HelloLog4j:32 - This is warn : richasdy
2016-10-08 21:10:55 ERROR HelloLog4j:33 - This is error : richasdy
2016-10-08 21:10:55 FATAL HelloLog4j:34 - This is fatal : richasdy
2016-10-08 21:13:40,187 TRACE HelloLog4j:20 - This is trace : richasdy
2016-10-08 21:13:40,190 DEBUG HelloLog4j:24 - This is debug : richasdy
2016-10-08 21:13:40,190 INFO  HelloLog4j:28 - This is info : richasdy
2016-10-08 21:13:40,191 WARN  HelloLog4j:32 - This is warn : richasdy
2016-10-08 21:13:40,191 ERROR HelloLog4j:33 - This is error : richasdy
2016-10-08 21:13:40,191 FATAL HelloLog4j:34 - This is fatal : richasdy
2016-10-08 21:14:46,905 TRACE HelloLog4j:20 - This is trace : richasdy
2016-10-08 21:14:46,908 DEBUG HelloLog4j:24 - This is debug : richasdy
2016-10-08 21:14:46,909 INFO  HelloLog4j:28 - This is info : richasdy
2016-10-08 21:14:46,909 WARN  HelloLog4j:32 - This is warn : richasdy
2016-10-08 21:14:46,909 ERROR HelloLog4j:33 - This is error : richasdy
2016-10-08 21:14:46,910 FATAL HelloLog4j:34 - This is fatal : richasdy
2016-10-08 21:15:06,772 TRACE HelloLog4j:20 - This is trace : richasdy
2016-10-08 21:15:06,775 DEBUG HelloLog4j:24 - This is debug : richasdy
2016-10-08 21:15:06,776 INFO  HelloLog4j:28 - This is info : richasdy
2016-10-08 21:15:06,776 WARN  HelloLog4j:32 - This is warn : richasdy
2016-10-08 21:15:06,776 ERROR HelloLog4j:33 - This is error : richasdy
2016-10-08 21:15:06,776 FATAL HelloLog4j:34 - This is fatal : richasdy
2016-10-08 21:18:14,551 TRACE HelloLog4j:20 - This is trace : richasdy
2016-10-08 21:18:14,554 DEBUG HelloLog4j:24 - This is debug : richasdy
2016-10-08 21:18:14,554 INFO  HelloLog4j:28 - This is info : richasdy
2016-10-08 21:18:14,555 WARN  HelloLog4j:32 - This is warn : richasdy
2016-10-08 21:18:14,555 ERROR HelloLog4j:33 - This is error : richasdy
2016-10-08 21:18:14,556 FATAL HelloLog4j:34 - This is fatal : richasdy
2016-10-08 21:18:24,702 TRACE HelloLog4j:20 - This is trace : richasdy
2016-10-08 21:18:24,706 DEBUG HelloLog4j:24 - This is debug : richasdy
2016-10-08 21:18:24,706 INFO  HelloLog4j:28 - This is info : richasdy
2016-10-08 21:18:24,706 WARN  HelloLog4j:32 - This is warn : richasdy
2016-10-08 21:18:24,707 ERROR HelloLog4j:33 - This is error : richasdy
2016-10-08 21:18:24,707 FATAL HelloLog4j:34 - This is fatal : richasdy
2016-10-08 21:19:04,991 TRACE HelloLog4j:20 - This is trace : richasdy
2016-10-08 21:19:04,994 DEBUG HelloLog4j:24 - This is debug : richasdy
2016-10-08 21:19:04,995 INFO  HelloLog4j:28 - This is info : richasdy
2016-10-08 21:19:04,995 WARN  HelloLog4j:32 - This is warn : richasdy
2016-10-08 21:19:04,995 ERROR HelloLog4j:33 - This is error : richasdy
2016-10-08 21:19:04,995 FATAL HelloLog4j:34 - This is fatal : richasdy
2016-10-08 21:21:06,782 TRACE HelloLog4j:main:20 - This is trace : richasdy
2016-10-08 21:21:06,786 DEBUG HelloLog4j:main:24 - This is debug : richasdy
2016-10-08 21:21:06,786 INFO  HelloLog4j:main:28 - This is info : richasdy
2016-10-08 21:21:06,786 WARN  HelloLog4j:main:32 - This is warn : richasdy
2016-10-08 21:21:06,786 ERROR HelloLog4j:main:33 - This is error : richasdy
2016-10-08 21:21:06,787 FATAL HelloLog4j:main:34 - This is fatal : richasdy
2016-10-08 21:21:56,032 TRACE HelloLog4j:main:20 - This is trace : richasdy
2016-10-08 21:21:56,035 DEBUG HelloLog4j:main:24 - This is debug : richasdy
2016-10-08 21:21:56,035 INFO  HelloLog4j:main:28 - This is info : richasdy
2016-10-08 21:21:56,035 WARN  HelloLog4j:main:32 - This is warn : richasdy
2016-10-08 21:21:56,036 ERROR HelloLog4j:main:33 - This is error : richasdy
2016-10-08 21:21:56,036 FATAL HelloLog4j:main:34 - This is fatal : richasdy
2016-10-08 21:23:18,297 TRACE HelloLog4j:main:20 - This is trace : richasdy
2016-10-08 21:23:18,300 DEBUG HelloLog4j:main:24 - This is debug : richasdy
2016-10-08 21:23:18,301 INFO  HelloLog4j:main:28 - This is info : richasdy
2016-10-08 21:23:18,301 WARN  HelloLog4j:main:32 - This is warn : richasdy
2016-10-08 21:23:18,301 ERROR HelloLog4j:main:33 - This is error : richasdy
2016-10-08 21:23:18,302 FATAL HelloLog4j:main:34 - This is fatal : richasdy
2016-10-08 21:24:10,334 TRACE HelloLog4j:main:20 - This is trace : richasdy
2016-10-08 21:24:10,340 DEBUG HelloLog4j:main:24 - This is debug : richasdy
2016-10-08 21:24:10,340 INFO  HelloLog4j:main:28 - This is info : richasdy
2016-10-08 21:24:10,341 WARN  HelloLog4j:main:32 - This is warn : richasdy
2016-10-08 21:24:10,341 ERROR HelloLog4j:main:33 - This is error : richasdy
2016-10-08 21:24:10,342 FATAL HelloLog4j:main:34 - This is fatal : richasdy
2016-10-08 21:24:21,108 TRACE HelloLog4j:main:20 - This is trace : richasdy
2016-10-08 21:24:21,111 DEBUG HelloLog4j:main:24 - This is debug : richasdy
2016-10-08 21:24:21,112 INFO  HelloLog4j:main:28 - This is info : richasdy
2016-10-08 21:24:21,112 WARN  HelloLog4j:main:32 - This is warn : richasdy
2016-10-08 21:24:21,112 ERROR HelloLog4j:main:33 - This is error : richasdy
2016-10-08 21:24:21,112 FATAL HelloLog4j:main:34 - This is fatal : richasdy
2016-10-08 21:26:09,276 TRACE HelloLog4j:main:20 - This is trace : richasdy
2016-10-08 21:26:09,279 DEBUG HelloLog4j:main:24 - This is debug : richasdy
2016-10-08 21:26:09,279 INFO  HelloLog4j:main:28 - This is info : richasdy
2016-10-08 21:26:09,279 WARN  HelloLog4j:main:32 - This is warn : richasdy
2016-10-08 21:26:09,280 ERROR HelloLog4j:main:33 - This is error : richasdy
2016-10-08 21:26:09,280 FATAL HelloLog4j:main:34 - This is fatal : richasdy
2016-10-08 21:34:07,531 TRACE HelloLog4j:main:20 - This is trace : richasdy
2016-10-08 21:34:07,534 DEBUG HelloLog4j:main:24 - This is debug : richasdy
2016-10-08 21:34:07,534 INFO  HelloLog4j:main:28 - This is info : richasdy
2016-10-08 21:34:07,534 WARN  HelloLog4j:main:32 - This is warn : richasdy
2016-10-08 21:34:07,535 ERROR HelloLog4j:main:33 - This is error : richasdy
2016-10-08 21:34:07,535 FATAL HelloLog4j:main:34 - This is fatal : richasdy
2016-10-08 21:34:20,407 TRACE HelloLog4j:main:20 - This is trace : richasdy
2016-10-08 21:34:20,411 DEBUG HelloLog4j:main:24 - This is debug : richasdy
2016-10-08 21:34:20,411 INFO  HelloLog4j:main:28 - This is info : richasdy
2016-10-08 21:34:20,411 WARN  HelloLog4j:main:32 - This is warn : richasdy
2016-10-08 21:34:20,411 ERROR HelloLog4j:main:33 - This is error : richasdy
2016-10-08 21:34:20,412 FATAL HelloLog4j:main:34 - This is fatal : richasdy
2016-10-08 21:34:50,319 TRACE HelloLog4j:main:20 - This is trace : richasdy
2016-10-08 21:34:50,323 DEBUG HelloLog4j:main:24 - This is debug : richasdy
2016-10-08 21:34:50,323 INFO  HelloLog4j:main:28 - This is info : richasdy
2016-10-08 21:34:50,323 WARN  HelloLog4j:main:32 - This is warn : richasdy
2016-10-08 21:34:50,324 ERROR HelloLog4j:main:33 - This is error : richasdy
2016-10-08 21:34:50,324 FATAL HelloLog4j:main:34 - This is fatal : richasdy
2016-10-08 21:38:52,088 WARN  HelloLog4j:main:34 - This is warn : richasdy
2016-10-08 21:38:52,091 ERROR HelloLog4j:main:35 - This is error : richasdy
2016-10-08 21:38:52,091 FATAL HelloLog4j:main:36 - This is fatal : richasdy
2016-10-08 21:40:30,000 TRACE HelloLog4j:main:22 - This is trace : richasdy
2016-10-08 21:40:30,004 DEBUG HelloLog4j:main:26 - This is debug : richasdy
2016-10-08 21:40:30,004 INFO  HelloLog4j:main:30 - This is info : richasdy
2016-10-08 21:40:30,004 WARN  HelloLog4j:main:33 - This is warn : richasdy
2016-10-08 21:40:30,005 ERROR HelloLog4j:main:34 - This is error : richasdy
2016-10-08 21:40:30,005 FATAL HelloLog4j:main:35 - This is fatal : richasdy
2016-10-08 21:46:32,319 TRACE HelloLog4j:main:22 - This is trace : richasdy
2016-10-08 21:46:32,323 DEBUG HelloLog4j:main:26 - This is debug : richasdy
2016-10-08 21:46:32,323 INFO  HelloLog4j:main:30 - This is info : richasdy
2016-10-08 21:46:32,324 WARN  HelloLog4j:main:33 - This is warn : richasdy
2016-10-08 21:46:32,324 ERROR HelloLog4j:main:34 - This is error : richasdy
2016-10-08 21:46:32,324 FATAL HelloLog4j:main:35 - This is fatal : richasdy
2016-10-08 21:46:47,879 TRACE HelloLog4j:main:22 - This is trace : richasdy
2016-10-08 21:46:47,883 DEBUG HelloLog4j:main:26 - This is debug : richasdy
2016-10-08 21:46:47,883 INFO  HelloLog4j:main:30 - This is info : richasdy
2016-10-08 21:46:47,883 WARN  HelloLog4j:main:33 - This is warn : richasdy
2016-10-08 21:46:47,884 ERROR HelloLog4j:main:34 - This is error : richasdy
2016-10-08 21:46:47,884 FATAL HelloLog4j:main:35 - This is fatal : richasdy
2016-10-08 21:47:56,758 TRACE HelloLog4j:main:22 - This is trace : richasdy
2016-10-08 21:47:56,762 DEBUG HelloLog4j:main:26 - This is debug : richasdy
2016-10-08 21:47:56,763 INFO  HelloLog4j:main:30 - This is info : richasdy
2016-10-08 21:47:56,763 WARN  HelloLog4j:main:33 - This is warn : richasdy
2016-10-08 21:47:56,763 ERROR HelloLog4j:main:34 - This is error : richasdy
2016-10-08 21:47:56,764 FATAL HelloLog4j:main:35 - This is fatal : richasdy
2016-10-08 21:48:23,344 TRACE HelloLog4j:main:22 - This is trace : richasdy
2016-10-08 21:48:23,348 DEBUG HelloLog4j:main:26 - This is debug : richasdy
2016-10-08 21:48:23,348 INFO  HelloLog4j:main:30 - This is info : richasdy
2016-10-08 21:48:23,349 WARN  HelloLog4j:main:33 - This is warn : richasdy
2016-10-08 21:48:23,349 ERROR HelloLog4j:main:34 - This is error : richasdy
2016-10-08 21:48:23,349 FATAL HelloLog4j:main:35 - This is fatal : richasdy
2016-10-08 21:54:06,099 TRACE HelloLog4j:main:22 - This is trace : richasdy
2016-10-08 21:54:06,102 DEBUG HelloLog4j:main:26 - This is debug : richasdy
2016-10-08 21:54:06,102 INFO  HelloLog4j:main:30 - This is info : richasdy
2016-10-08 21:54:06,102 WARN  HelloLog4j:main:33 - This is warn : richasdy
2016-10-08 21:54:06,103 ERROR HelloLog4j:main:34 - This is error : richasdy
2016-10-08 21:54:06,103 FATAL HelloLog4j:main:35 - This is fatal : richasdy
2016-10-08 21:54:30,257 TRACE HelloLog4j:main:22 - This is trace : richasdy
2016-10-08 21:54:30,266 DEBUG HelloLog4j:main:26 - This is debug : richasdy
2016-10-08 21:54:30,266 INFO  HelloLog4j:main:30 - This is info : richasdy
2016-10-08 21:54:30,267 WARN  HelloLog4j:main:33 - This is warn : richasdy
2016-10-08 21:54:30,267 ERROR HelloLog4j:main:34 - This is error : richasdy
2016-10-08 21:54:30,268 FATAL HelloLog4j:main:35 - This is fatal : richasdy
2016-10-08 21:55:16,988 TRACE HelloLog4j:main:22 - This is trace : richasdy
2016-10-08 21:55:17,988 DEBUG HelloLog4j:main:26 - This is debug : richasdy
2016-10-08 21:55:17,989 INFO  HelloLog4j:main:30 - This is info : richasdy
2016-10-08 21:55:17,990 WARN  HelloLog4j:main:33 - This is warn : richasdy
2016-10-08 21:55:17,990 ERROR HelloLog4j:main:34 - This is error : richasdy
2016-10-08 21:55:17,991 FATAL HelloLog4j:main:35 - This is fatal : richasdy
2016-10-08 21:55:45,719 TRACE HelloLog4j:main:22 - This is trace : richasdy
2016-10-08 21:55:46,865 DEBUG HelloLog4j:main:26 - This is debug : richasdy
2016-10-08 21:55:46,866 INFO  HelloLog4j:main:30 - This is info : richasdy
2016-10-08 21:55:46,867 WARN  HelloLog4j:main:33 - This is warn : richasdy
2016-10-08 21:55:46,867 ERROR HelloLog4j:main:34 - This is error : richasdy
2016-10-08 21:55:46,868 FATAL HelloLog4j:main:35 - This is fatal : richasdy
2016-10-08 21:56:49,018 TRACE HelloLog4j:main:22 - This is trace : richasdy
2016-10-08 21:56:50,143 DEBUG HelloLog4j:main:26 - This is debug : richasdy
2016-10-08 21:56:50,144 INFO  HelloLog4j:main:30 - This is info : richasdy
2016-10-08 21:56:50,144 WARN  HelloLog4j:main:33 - This is warn : richasdy
2016-10-08 21:56:50,145 ERROR HelloLog4j:main:34 - This is error : richasdy
2016-10-08 21:56:50,146 FATAL HelloLog4j:main:35 - This is fatal : richasdy
2016-10-08 21:58:21,057 TRACE HelloLog4j:main:22 - This is trace : richasdy
2016-10-08 21:58:22,303 DEBUG HelloLog4j:main:26 - This is debug : richasdy
2016-10-08 21:58:22,304 INFO  HelloLog4j:main:30 - This is info : richasdy
2016-10-08 21:58:22,305 WARN  HelloLog4j:main:33 - This is warn : richasdy
2016-10-08 21:58:22,306 ERROR HelloLog4j:main:34 - This is error : richasdy
2016-10-08 21:58:22,307 FATAL HelloLog4j:main:35 - This is fatal : richasdy
2016-10-08 21:59:31,766 TRACE HelloLog4j:main:22 - This is trace : richasdy
2016-10-08 21:59:32,963 DEBUG HelloLog4j:main:26 - This is debug : richasdy
2016-10-08 21:59:32,965 INFO  HelloLog4j:main:30 - This is info : richasdy
2016-10-08 21:59:32,966 WARN  HelloLog4j:main:33 - This is warn : richasdy
2016-10-08 21:59:32,966 ERROR HelloLog4j:main:34 - This is error : richasdy
2016-10-08 21:59:32,967 FATAL HelloLog4j:main:35 - This is fatal : richasdy
2016-10-08 22:03:21,025 TRACE HelloLog4j:main:22 - This is trace : richasdy
2016-10-08 22:03:22,131 DEBUG HelloLog4j:main:26 - This is debug : richasdy
2016-10-08 22:03:22,132 INFO  HelloLog4j:main:30 - This is info : richasdy
2016-10-08 22:03:22,133 WARN  HelloLog4j:main:33 - This is warn : richasdy
2016-10-08 22:03:22,134 ERROR HelloLog4j:main:34 - This is error : richasdy
2016-10-08 22:03:22,135 FATAL HelloLog4j:main:35 - This is fatal : richasdy
2016-10-08 22:07:15,522 TRACE HelloLog4j:main:22 - This is trace : richasdy
2016-10-08 22:07:16,538 DEBUG HelloLog4j:main:26 - This is debug : richasdy
2016-10-08 22:07:16,539 INFO  HelloLog4j:main:30 - This is info : richasdy
2016-10-08 22:07:16,540 WARN  HelloLog4j:main:33 - This is warn : richasdy
2016-10-08 22:07:16,541 ERROR HelloLog4j:main:34 - This is error : richasdy
2016-10-08 22:07:16,541 FATAL HelloLog4j:main:35 - This is fatal : richasdy
2016-10-08 22:09:42,564 TRACE HelloLog4j:main:22 - This is trace : richasdy
2016-10-08 22:09:43,240 DEBUG HelloLog4j:main:26 - This is debug : richasdy
2016-10-08 22:09:43,241 INFO  HelloLog4j:main:30 - This is info : richasdy
2016-10-08 22:09:43,242 WARN  HelloLog4j:main:33 - This is warn : richasdy
2016-10-08 22:09:43,243 ERROR HelloLog4j:main:34 - This is error : richasdy
2016-10-08 22:09:43,243 FATAL HelloLog4j:main:35 - This is fatal : richasdy
2016-10-08 22:10:14,154 TRACE HelloLog4j:main:22 - This is trace : richasdy
2016-10-08 22:10:15,330 DEBUG HelloLog4j:main:26 - This is debug : richasdy
2016-10-08 22:10:15,331 INFO  HelloLog4j:main:30 - This is info : richasdy
2016-10-08 22:10:15,332 WARN  HelloLog4j:main:33 - This is warn : richasdy
2016-10-08 22:10:15,333 ERROR HelloLog4j:main:34 - This is error : richasdy
2016-10-08 22:10:15,334 FATAL HelloLog4j:main:35 - This is fatal : richasdy
2016-10-08 22:11:59,766 TRACE HelloLog4j:main:22 - This is trace : richasdy
2016-10-08 22:12:00,360 DEBUG HelloLog4j:main:26 - This is debug : richasdy
2016-10-08 22:12:00,363 INFO  HelloLog4j:main:30 - This is info : richasdy
2016-10-08 22:12:00,365 WARN  HelloLog4j:main:33 - This is warn : richasdy
2016-10-08 22:12:00,367 ERROR HelloLog4j:main:34 - This is error : richasdy
2016-10-08 22:12:00,369 FATAL HelloLog4j:main:35 - This is fatal : richasdy
2016-10-08 22:22:43,417 TRACE HelloCommonLogging:main:24 - This is trace : richasdy
2016-10-08 22:22:43,421 DEBUG HelloCommonLogging:main:28 - This is debug : richasdy
2016-10-08 22:22:43,421 INFO  HelloCommonLogging:main:32 - This is info : richasdy
2016-10-08 22:22:43,422 WARN  HelloCommonLogging:main:35 - This is warn : richasdy
2016-10-08 22:22:43,422 ERROR HelloCommonLogging:main:36 - This is error : richasdy
2016-10-08 22:22:43,422 FATAL HelloCommonLogging:main:37 - This is fatal : richasdy
2016-10-08 22:23:03,755 TRACE HelloCommonLogging:main:24 - This is trace : richasdy
2016-10-08 22:23:03,762 DEBUG HelloCommonLogging:main:28 - This is debug : richasdy
2016-10-08 22:23:03,762 INFO  HelloCommonLogging:main:32 - This is info : richasdy
2016-10-08 22:23:03,763 WARN  HelloCommonLogging:main:35 - This is warn : richasdy
2016-10-08 22:23:03,763 ERROR HelloCommonLogging:main:36 - This is error : richasdy
2016-10-08 22:23:03,763 FATAL HelloCommonLogging:main:37 - This is fatal : richasdy
2016-10-08 22:23:32,594 TRACE HelloCommonLogging:main:24 - This is trace : richasdy
2016-10-08 22:23:32,598 DEBUG HelloCommonLogging:main:28 - This is debug : richasdy
2016-10-08 22:23:32,599 INFO  HelloCommonLogging:main:32 - This is info : richasdy
2016-10-08 22:23:32,599 WARN  HelloCommonLogging:main:35 - This is warn : richasdy
2016-10-08 22:23:32,600 ERROR HelloCommonLogging:main:36 - This is error : richasdy
2016-10-08 22:23:32,600 FATAL HelloCommonLogging:main:37 - This is fatal : richasdy
2016-10-08 22:23:57,460 TRACE HelloCommonLogging:main:25 - This is trace : richasdy
2016-10-08 22:23:57,465 DEBUG HelloCommonLogging:main:29 - This is debug : richasdy
2016-10-08 22:23:57,465 INFO  HelloCommonLogging:main:33 - This is info : richasdy
2016-10-08 22:23:57,465 WARN  HelloCommonLogging:main:36 - This is warn : richasdy
2016-10-08 22:23:57,466 ERROR HelloCommonLogging:main:37 - This is error : richasdy
2016-10-08 22:23:57,466 FATAL HelloCommonLogging:main:38 - This is fatal : richasdy
2016-10-08 22:24:14,196 TRACE HelloCommonLogging:main:25 - This is trace : richasdy
2016-10-08 22:24:14,200 DEBUG HelloCommonLogging:main:29 - This is debug : richasdy
2016-10-08 22:24:14,201 INFO  HelloCommonLogging:main:33 - This is info : richasdy
2016-10-08 22:24:14,201 WARN  HelloCommonLogging:main:36 - This is warn : richasdy
2016-10-08 22:24:14,201 ERROR HelloCommonLogging:main:37 - This is error : richasdy
2016-10-08 22:24:14,202 FATAL HelloCommonLogging:main:38 - This is fatal : richasdy
2016-10-08 22:24:42,583 TRACE HelloCommonLogging:main:25 - This is trace : richasdy
2016-10-08 22:24:42,587 DEBUG HelloCommonLogging:main:29 - This is debug : richasdy
2016-10-08 22:24:42,587 INFO  HelloCommonLogging:main:33 - This is info : richasdy
2016-10-08 22:24:42,588 WARN  HelloCommonLogging:main:36 - This is warn : richasdy
2016-10-08 22:24:42,588 ERROR HelloCommonLogging:main:37 - This is error : richasdy
2016-10-08 22:24:42,588 FATAL HelloCommonLogging:main:38 - This is fatal : richasdy
2016-10-08 22:25:41,330 TRACE HelloCommonLogging:main:27 - This is trace : richasdy
2016-10-08 22:25:41,335 DEBUG HelloCommonLogging:main:31 - This is debug : richasdy
2016-10-08 22:25:41,336 INFO  HelloCommonLogging:main:35 - This is info : richasdy
2016-10-08 22:25:41,336 WARN  HelloCommonLogging:main:38 - This is warn : richasdy
2016-10-08 22:25:41,337 ERROR HelloCommonLogging:main:39 - This is error : richasdy
2016-10-08 22:25:41,337 FATAL HelloCommonLogging:main:40 - This is fatal : richasdy
2016-10-08 22:28:06,277 TRACE HelloCommonLogging:main:27 - This is trace : richasdy
2016-10-08 22:28:06,281 DEBUG HelloCommonLogging:main:31 - This is debug : richasdy
2016-10-08 22:28:06,281 INFO  HelloCommonLogging:main:35 - This is info : richasdy
2016-10-08 22:28:06,282 WARN  HelloCommonLogging:main:38 - This is warn : richasdy
2016-10-08 22:28:06,282 ERROR HelloCommonLogging:main:39 - This is error : richasdy
2016-10-08 22:28:06,282 FATAL HelloCommonLogging:main:40 - This is fatal : richasdy
2016-10-09 06:07:36,640 DEBUG HelloLog4j:main:26 - This is debug : richasdy
2016-10-09 06:07:36,643 INFO  HelloLog4j:main:30 - This is info : richasdy
2016-10-09 06:07:36,643 WARN  HelloLog4j:main:33 - This is warn : richasdy
2016-10-09 06:07:36,643 ERROR HelloLog4j:main:34 - This is error : richasdy
2016-10-09 06:07:36,644 FATAL HelloLog4j:main:35 - This is fatal : richasdy
2016-10-09 06:09:00,297 DEBUG com.richasdy.HelloLogging.Log4j.HelloLog4j:main:26 - This is debug : richasdy
2016-10-09 06:09:00,299 INFO  com.richasdy.HelloLogging.Log4j.HelloLog4j:main:30 - This is info : richasdy
2016-10-09 06:09:00,300 WARN  com.richasdy.HelloLogging.Log4j.HelloLog4j:main:33 - This is warn : richasdy
2016-10-09 06:09:00,300 ERROR com.richasdy.HelloLogging.Log4j.HelloLog4j:main:34 - This is error : richasdy
2016-10-09 06:09:00,300 FATAL com.richasdy.HelloLogging.Log4j.HelloLog4j:main:35 - This is fatal : richasdy
2016-10-09 06:15:37,380 DEBUG com.richasdy.HelloLogging.Log4j.HelloLog4j:main:26 - This is debug : richasdy
2016-10-09 06:15:37,389 INFO  com.richasdy.HelloLogging.Log4j.HelloLog4j:main:30 - This is info : richasdy
2016-10-09 06:15:37,389 WARN  com.richasdy.HelloLogging.Log4j.HelloLog4j:main:33 - This is warn : richasdy
2016-10-09 06:15:37,390 ERROR com.richasdy.HelloLogging.Log4j.HelloLog4j:main:34 - This is error : richasdy
2016-10-09 06:15:37,390 FATAL com.richasdy.HelloLogging.Log4j.HelloLog4j:main:35 - This is fatal : richasdy
2016-10-09 06:15:55,900 DEBUG com.richasdy.HelloLogging.Log4j.HelloLog4j:main:26 - This is debug : richasdy
2016-10-09 06:15:55,905 INFO  com.richasdy.HelloLogging.Log4j.HelloLog4j:main:30 - This is info : richasdy
2016-10-09 06:15:55,905 WARN  com.richasdy.HelloLogging.Log4j.HelloLog4j:main:33 - This is warn : richasdy
2016-10-09 06:15:55,906 ERROR com.richasdy.HelloLogging.Log4j.HelloLog4j:main:34 - This is error : richasdy
2016-10-09 06:15:55,906 FATAL com.richasdy.HelloLogging.Log4j.HelloLog4j:main:35 - This is fatal : richasdy
2016-10-09 06:21:18,527 DEBUG com.richasdy.HelloLogging.Log4j.HelloLog4j:main:26 - This is debug : richasdy
2016-10-09 06:21:18,531 INFO  com.richasdy.HelloLogging.Log4j.HelloLog4j:main:30 - This is info : richasdy
2016-10-09 06:21:18,531 WARN  com.richasdy.HelloLogging.Log4j.HelloLog4j:main:33 - This is warn : richasdy
2016-10-09 06:21:18,532 ERROR com.richasdy.HelloLogging.Log4j.HelloLog4j:main:34 - This is error : richasdy
2016-10-09 06:21:18,532 FATAL com.richasdy.HelloLogging.Log4j.HelloLog4j:main:35 - This is fatal : richasdy
2016-10-09 06:21:37,013 DEBUG com.richasdy.HelloLogging.Log4j.HelloLog4j:main:26 - This is debug : richasdy
2016-10-09 06:21:38,105 INFO  com.richasdy.HelloLogging.Log4j.HelloLog4j:main:30 - This is info : richasdy
2016-10-09 06:21:38,107 WARN  com.richasdy.HelloLogging.Log4j.HelloLog4j:main:33 - This is warn : richasdy
2016-10-09 06:21:38,110 ERROR com.richasdy.HelloLogging.Log4j.HelloLog4j:main:34 - This is error : richasdy
2016-10-09 06:21:38,113 FATAL com.richasdy.HelloLogging.Log4j.HelloLog4j:main:35 - This is fatal : richasdy
2016-10-09 06:23:12,234 DEBUG com.richasdy.HelloLogging.Log4j.HelloLog4j:main:26 - This is debug : richasdy
2016-10-09 06:23:12,939 INFO  com.richasdy.HelloLogging.Log4j.HelloLog4j:main:30 - This is info : richasdy
2016-10-09 06:23:12,942 WARN  com.richasdy.HelloLogging.Log4j.HelloLog4j:main:33 - This is warn : richasdy
2016-10-09 06:23:12,944 ERROR com.richasdy.HelloLogging.Log4j.HelloLog4j:main:34 - This is error : richasdy
2016-10-09 06:23:12,947 FATAL com.richasdy.HelloLogging.Log4j.HelloLog4j:main:35 - This is fatal : richasdy
2016-10-09 06:24:59,559 DEBUG com.richasdy.HelloLogging.Log4j.HelloLog4j:main:26 - This is debug : richasdy
2016-10-09 06:25:00,245 INFO  com.richasdy.HelloLogging.Log4j.HelloLog4j:main:30 - This is info : richasdy
2016-10-09 06:25:00,248 WARN  com.richasdy.HelloLogging.Log4j.HelloLog4j:main:33 - This is warn : richasdy
2016-10-09 06:25:00,251 ERROR com.richasdy.HelloLogging.Log4j.HelloLog4j:main:34 - This is error : richasdy
2016-10-09 06:25:00,254 FATAL com.richasdy.HelloLogging.Log4j.HelloLog4j:main:35 - This is fatal : richasdy
2016-10-09 06:26:06,645 DEBUG com.richasdy.HelloLogging.Log4j.HelloLog4j:main:26 - This is debug : richasdy
2016-10-09 06:26:07,715 INFO  com.richasdy.HelloLogging.Log4j.HelloLog4j:main:30 - This is info : richasdy
2016-10-09 06:26:07,716 WARN  com.richasdy.HelloLogging.Log4j.HelloLog4j:main:33 - This is warn : richasdy
2016-10-09 06:26:07,717 ERROR com.richasdy.HelloLogging.Log4j.HelloLog4j:main:34 - This is error : richasdy
2016-10-09 06:26:07,718 FATAL com.richasdy.HelloLogging.Log4j.HelloLog4j:main:35 - This is fatal : richasdy
2016-10-09 06:28:25,730 DEBUG com.richasdy.HelloLogging.Log4j.HelloLog4j:main:26 - This is debug : richasdy
2016-10-09 06:28:26,878 INFO  com.richasdy.HelloLogging.Log4j.HelloLog4j:main:30 - This is info : richasdy
2016-10-09 06:28:26,880 WARN  com.richasdy.HelloLogging.Log4j.HelloLog4j:main:33 - This is warn : richasdy
2016-10-09 06:28:26,881 ERROR com.richasdy.HelloLogging.Log4j.HelloLog4j:main:34 - This is error : richasdy
2016-10-09 06:28:26,882 FATAL com.richasdy.HelloLogging.Log4j.HelloLog4j:main:35 - This is fatal : richasdy
2016-10-09 06:28:59,781 DEBUG com.richasdy.HelloLogging.Log4j.HelloLog4j:main:26 - This is debug : richasdy
2016-10-09 06:30:28,527 DEBUG com.richasdy.HelloLogging.Log4j.HelloLog4j:main:26 - This is debug : richasdy
2016-10-09 06:30:29,759 INFO  com.richasdy.HelloLogging.Log4j.HelloLog4j:main:30 - This is info : richasdy
2016-10-09 06:30:29,761 WARN  com.richasdy.HelloLogging.Log4j.HelloLog4j:main:33 - This is warn : richasdy
2016-10-09 06:30:29,762 ERROR com.richasdy.HelloLogging.Log4j.HelloLog4j:main:34 - This is error : richasdy
2016-10-09 06:30:29,763 FATAL com.richasdy.HelloLogging.Log4j.HelloLog4j:main:35 - This is fatal : richasdy
2016-10-09 06:31:36,388 DEBUG com.richasdy.HelloLogging.Log4j.HelloLog4j:main:26 - This is debug : richasdy
2016-10-09 06:31:37,111 INFO  com.richasdy.HelloLogging.Log4j.HelloLog4j:main:30 - This is info : richasdy
2016-10-09 06:31:37,112 WARN  com.richasdy.HelloLogging.Log4j.HelloLog4j:main:33 - This is warn : richasdy
2016-10-09 06:31:37,113 ERROR com.richasdy.HelloLogging.Log4j.HelloLog4j:main:34 - This is error : richasdy
2016-10-09 06:31:37,114 FATAL com.richasdy.HelloLogging.Log4j.HelloLog4j:main:35 - This is fatal : richasdy
2016-10-09 06:32:45,065 TRACE com.richasdy.HelloLogging.Log4j.HelloLog4j:main:22 - This is trace : richasdy
2016-10-09 06:32:46,157 DEBUG com.richasdy.HelloLogging.Log4j.HelloLog4j:main:26 - This is debug : richasdy
2016-10-09 06:32:46,158 INFO  com.richasdy.HelloLogging.Log4j.HelloLog4j:main:30 - This is info : richasdy
2016-10-09 06:32:46,160 WARN  com.richasdy.HelloLogging.Log4j.HelloLog4j:main:33 - This is warn : richasdy
2016-10-09 06:32:46,161 ERROR com.richasdy.HelloLogging.Log4j.HelloLog4j:main:34 - This is error : richasdy
2016-10-09 06:32:46,161 FATAL com.richasdy.HelloLogging.Log4j.HelloLog4j:main:35 - This is fatal : richasdy
2016-10-09 06:33:38,845 DEBUG com.richasdy.HelloLogging.Log4j.HelloLog4j:main:26 - This is debug : richasdy
2016-10-09 06:33:39,917 INFO  com.richasdy.HelloLogging.Log4j.HelloLog4j:main:30 - This is info : richasdy
2016-10-09 06:33:39,919 WARN  com.richasdy.HelloLogging.Log4j.HelloLog4j:main:33 - This is warn : richasdy
2016-10-09 06:33:39,920 ERROR com.richasdy.HelloLogging.Log4j.HelloLog4j:main:34 - This is error : richasdy
2016-10-09 06:33:39,920 FATAL com.richasdy.HelloLogging.Log4j.HelloLog4j:main:35 - This is fatal : richasdy
2016-10-09 06:39:03,555 DEBUG com.richasdy.HelloLogging.Log4j.HelloLog4j:main:26 - This is debug : richasdy
2016-10-09 06:39:04,306 INFO  com.richasdy.HelloLogging.Log4j.HelloLog4j:main:30 - This is info : richasdy
2016-10-09 06:39:04,307 WARN  com.richasdy.HelloLogging.Log4j.HelloLog4j:main:33 - This is warn : richasdy
2016-10-09 06:39:04,308 ERROR com.richasdy.HelloLogging.Log4j.HelloLog4j:main:34 - This is error : richasdy
2016-10-09 06:39:04,309 FATAL com.richasdy.HelloLogging.Log4j.HelloLog4j:main:35 - This is fatal : richasdy
2016-10-09 06:39:48,029 DEBUG com.richasdy.HelloLogging.Log4j.HelloLog4j:main:26 - This is debug : richasdy
2016-10-09 06:39:49,179 INFO  com.richasdy.HelloLogging.Log4j.HelloLog4j:main:30 - This is info : richasdy
2016-10-09 06:39:49,180 WARN  com.richasdy.HelloLogging.Log4j.HelloLog4j:main:33 - This is warn : richasdy
2016-10-09 06:39:49,181 ERROR com.richasdy.HelloLogging.Log4j.HelloLog4j:main:34 - This is error : richasdy
2016-10-09 06:39:49,182 FATAL com.richasdy.HelloLogging.Log4j.HelloLog4j:main:35 - This is fatal : richasdy
2016-10-09 06:59:56,590 DEBUG com.richasdy.HelloLogging.Log4j.HelloLog4j:main:26 - This is debug : richasdy
2016-10-09 06:59:57,393 INFO  com.richasdy.HelloLogging.Log4j.HelloLog4j:main:30 - This is info : richasdy
2016-10-09 06:59:57,397 WARN  com.richasdy.HelloLogging.Log4j.HelloLog4j:main:33 - This is warn : richasdy
2016-10-09 06:59:57,402 ERROR com.richasdy.HelloLogging.Log4j.HelloLog4j:main:34 - This is error : richasdy
2016-10-09 06:59:57,403 FATAL com.richasdy.HelloLogging.Log4j.HelloLog4j:main:35 - This is fatal : richasdy
2016-10-09 07:02:19,502 DEBUG com.richasdy.HelloLogging.Log4j.HelloLog4j:main:26 - This is debug : richasdy
2016-10-09 07:02:20,217 INFO  com.richasdy.HelloLogging.Log4j.HelloLog4j:main:30 - This is info : richasdy
2016-10-09 07:02:20,218 WARN  com.richasdy.HelloLogging.Log4j.HelloLog4j:main:33 - This is warn : richasdy
2016-10-09 07:02:20,219 ERROR com.richasdy.HelloLogging.Log4j.HelloLog4j:main:34 - This is error : richasdy
2016-10-09 07:02:20,220 FATAL com.richasdy.HelloLogging.Log4j.HelloLog4j:main:35 - This is fatal : richasdy
2016-10-09 07:06:41,371 DEBUG com.richasdy.HelloLogging.Log4j.HelloLog4j:main:26 - This is debug : richasdy
2016-10-09 07:06:42,231 INFO  com.richasdy.HelloLogging.Log4j.HelloLog4j:main:30 - This is info : richasdy
2016-10-09 07:06:42,232 WARN  com.richasdy.HelloLogging.Log4j.HelloLog4j:main:33 - This is warn : richasdy
2016-10-09 07:06:42,233 ERROR com.richasdy.HelloLogging.Log4j.HelloLog4j:main:34 - This is error : richasdy
2016-10-09 07:06:42,234 FATAL com.richasdy.HelloLogging.Log4j.HelloLog4j:main:35 - This is fatal : richasdy
2016-10-09 07:07:12,833 DEBUG com.richasdy.HelloLogging.Log4j.HelloLog4j:main:26 - This is debug : richasdy
2016-10-09 07:07:13,997 INFO  com.richasdy.HelloLogging.Log4j.HelloLog4j:main:30 - This is info : richasdy
2016-10-09 07:07:13,999 WARN  com.richasdy.HelloLogging.Log4j.HelloLog4j:main:33 - This is warn : richasdy
2016-10-09 07:07:14,002 ERROR com.richasdy.HelloLogging.Log4j.HelloLog4j:main:34 - This is error : richasdy
2016-10-09 07:07:14,003 FATAL com.richasdy.HelloLogging.Log4j.HelloLog4j:main:35 - This is fatal : richasdy
2016-10-09 07:08:01,166 DEBUG com.richasdy.HelloLogging.Log4j.HelloLog4j:main:26 - This is debug : richasdy
2016-10-09 07:08:02,542 INFO  com.richasdy.HelloLogging.Log4j.HelloLog4j:main:30 - This is info : richasdy
2016-10-09 07:08:02,543 WARN  com.richasdy.HelloLogging.Log4j.HelloLog4j:main:33 - This is warn : richasdy
2016-10-09 07:08:02,544 ERROR com.richasdy.HelloLogging.Log4j.HelloLog4j:main:34 - This is error : richasdy
2016-10-09 07:08:02,545 FATAL com.richasdy.HelloLogging.Log4j.HelloLog4j:main:35 - This is fatal : richasdy
2016-10-09 07:09:15,260 TRACE com.richasdy.HelloLogging.Log4j.HelloLog4j:main:22 - This is trace : richasdy
2016-10-09 07:09:16,561 DEBUG com.richasdy.HelloLogging.Log4j.HelloLog4j:main:26 - This is debug : richasdy
2016-10-09 07:09:16,562 INFO  com.richasdy.HelloLogging.Log4j.HelloLog4j:main:30 - This is info : richasdy
2016-10-09 07:09:16,563 WARN  com.richasdy.HelloLogging.Log4j.HelloLog4j:main:33 - This is warn : richasdy
2016-10-09 07:09:16,564 ERROR com.richasdy.HelloLogging.Log4j.HelloLog4j:main:34 - This is error : richasdy
2016-10-09 07:09:16,565 FATAL com.richasdy.HelloLogging.Log4j.HelloLog4j:main:35 - This is fatal : richasdy
2016-10-09 07:11:06,250 DEBUG com.richasdy.HelloLogging.Log4j.HelloLog4j:main:26 - This is debug : richasdy
2016-10-09 07:11:06,970 INFO  com.richasdy.HelloLogging.Log4j.HelloLog4j:main:30 - This is info : richasdy
2016-10-09 07:11:06,971 WARN  com.richasdy.HelloLogging.Log4j.HelloLog4j:main:33 - This is warn : richasdy
2016-10-09 07:11:06,972 ERROR com.richasdy.HelloLogging.Log4j.HelloLog4j:main:34 - This is error : richasdy
2016-10-09 07:11:06,973 FATAL com.richasdy.HelloLogging.Log4j.HelloLog4j:main:35 - This is fatal : richasdy
2016-10-09 07:11:46,158 DEBUG com.richasdy.HelloLogging.Log4j.HelloLog4j:main:26 - This is debug : richasdy
2016-10-09 07:11:47,401 INFO  com.richasdy.HelloLogging.Log4j.HelloLog4j:main:30 - This is info : richasdy
2016-10-09 07:11:47,402 WARN  com.richasdy.HelloLogging.Log4j.HelloLog4j:main:33 - This is warn : richasdy
2016-10-09 07:11:47,403 ERROR com.richasdy.HelloLogging.Log4j.HelloLog4j:main:34 - This is error : richasdy
2016-10-09 07:11:47,404 FATAL com.richasdy.HelloLogging.Log4j.HelloLog4j:main:35 - This is fatal : richasdy
2016-10-09 07:12:22,422 DEBUG com.richasdy.HelloLogging.Log4j.HelloLog4j:main:26 - This is debug : richasdy
2016-10-09 07:12:23,144 INFO  com.richasdy.HelloLogging.Log4j.HelloLog4j:main:30 - This is info : richasdy
2016-10-09 07:12:23,145 WARN  com.richasdy.HelloLogging.Log4j.HelloLog4j:main:33 - This is warn : richasdy
2016-10-09 07:12:23,146 ERROR com.richasdy.HelloLogging.Log4j.HelloLog4j:main:34 - This is error : richasdy
2016-10-09 07:12:23,147 FATAL com.richasdy.HelloLogging.Log4j.HelloLog4j:main:35 - This is fatal : richasdy
2016-10-09 07:13:02,174 DEBUG com.richasdy.HelloLogging.Log4j.HelloLog4j:main:26 - This is debug : richasdy
2016-10-09 07:13:02,890 INFO  com.richasdy.HelloLogging.Log4j.HelloLog4j:main:30 - This is info : richasdy
2016-10-09 07:13:02,891 WARN  com.richasdy.HelloLogging.Log4j.HelloLog4j:main:33 - This is warn : richasdy
2016-10-09 07:13:02,892 ERROR com.richasdy.HelloLogging.Log4j.HelloLog4j:main:34 - This is error : richasdy
2016-10-09 07:13:02,893 FATAL com.richasdy.HelloLogging.Log4j.HelloLog4j:main:35 - This is fatal : richasdy
2016-10-09 07:13:51,866 DEBUG com.richasdy.HelloLogging.Log4j.HelloLog4j:main:26 - This is debug : richasdy
2016-10-09 07:13:53,058 INFO  com.richasdy.HelloLogging.Log4j.HelloLog4j:main:30 - This is info : richasdy
2016-10-09 07:13:53,060 WARN  com.richasdy.HelloLogging.Log4j.HelloLog4j:main:33 - This is warn : richasdy
2016-10-09 07:13:53,061 ERROR com.richasdy.HelloLogging.Log4j.HelloLog4j:main:34 - This is error : richasdy
2016-10-09 07:13:53,062 FATAL com.richasdy.HelloLogging.Log4j.HelloLog4j:main:35 - This is fatal : richasdy
2016-10-09 07:15:36,997 DEBUG com.richasdy.HelloLogging.Log4j.HelloLog4j:main:26 - This is debug : richasdy
2016-10-09 07:15:38,122 INFO  com.richasdy.HelloLogging.Log4j.HelloLog4j:main:30 - This is info : richasdy
2016-10-09 07:15:38,123 WARN  com.richasdy.HelloLogging.Log4j.HelloLog4j:main:33 - This is warn : richasdy
2016-10-09 07:15:38,124 ERROR com.richasdy.HelloLogging.Log4j.HelloLog4j:main:34 - This is error : richasdy
2016-10-09 07:15:38,125 FATAL com.richasdy.HelloLogging.Log4j.HelloLog4j:main:35 - This is fatal : richasdy
2016-10-09 07:16:26,362 TRACE com.richasdy.HelloLogging.Log4j.HelloLog4j:main:22 - This is trace : richasdy
2016-10-09 07:16:27,594 DEBUG com.richasdy.HelloLogging.Log4j.HelloLog4j:main:26 - This is debug : richasdy
2016-10-09 07:16:27,596 INFO  com.richasdy.HelloLogging.Log4j.HelloLog4j:main:30 - This is info : richasdy
2016-10-09 07:16:27,597 WARN  com.richasdy.HelloLogging.Log4j.HelloLog4j:main:33 - This is warn : richasdy
2016-10-09 07:16:27,598 ERROR com.richasdy.HelloLogging.Log4j.HelloLog4j:main:34 - This is error : richasdy
2016-10-09 07:16:27,599 FATAL com.richasdy.HelloLogging.Log4j.HelloLog4j:main:35 - This is fatal : richasdy
2016-10-09 07:20:24,582 TRACE com.richasdy.HelloLogging.Log4j.HelloLog4j:main:22 - This is trace : richasdy
2016-10-09 07:20:25,679 DEBUG com.richasdy.HelloLogging.Log4j.HelloLog4j:main:26 - This is debug : richasdy
2016-10-09 07:20:25,681 INFO  com.richasdy.HelloLogging.Log4j.HelloLog4j:main:30 - This is info : richasdy
2016-10-09 07:20:25,682 WARN  com.richasdy.HelloLogging.Log4j.HelloLog4j:main:33 - This is warn : richasdy
2016-10-09 07:20:25,683 ERROR com.richasdy.HelloLogging.Log4j.HelloLog4j:main:34 - This is error : richasdy
2016-10-09 07:20:25,684 FATAL com.richasdy.HelloLogging.Log4j.HelloLog4j:main:35 - This is fatal : richasdy
2016-10-09 07:22:13,670 TRACE com.richasdy.HelloLogging.Log4j.HelloLog4j:main:22 - This is trace : richasdy
2016-10-09 07:22:14,414 DEBUG com.richasdy.HelloLogging.Log4j.HelloLog4j:main:26 - This is debug : richasdy
2016-10-09 07:22:14,415 INFO  com.richasdy.HelloLogging.Log4j.HelloLog4j:main:30 - This is info : richasdy
2016-10-09 07:22:14,417 WARN  com.richasdy.HelloLogging.Log4j.HelloLog4j:main:33 - This is warn : richasdy
2016-10-09 07:22:14,418 ERROR com.richasdy.HelloLogging.Log4j.HelloLog4j:main:34 - This is error : richasdy
2016-10-09 07:22:14,419 FATAL com.richasdy.HelloLogging.Log4j.HelloLog4j:main:35 - This is fatal : richasdy
2016-10-09 07:22:38,788 TRACE com.richasdy.HelloLogging.Log4j.HelloLog4j:main:22 - This is trace : richasdy
2016-10-09 07:22:39,510 DEBUG com.richasdy.HelloLogging.Log4j.HelloLog4j:main:26 - This is debug : richasdy
2016-10-09 07:22:39,511 INFO  com.richasdy.HelloLogging.Log4j.HelloLog4j:main:30 - This is info : richasdy
2016-10-09 07:22:39,513 WARN  com.richasdy.HelloLogging.Log4j.HelloLog4j:main:33 - This is warn : richasdy
2016-10-09 07:22:39,514 ERROR com.richasdy.HelloLogging.Log4j.HelloLog4j:main:34 - This is error : richasdy
2016-10-09 07:22:39,515 FATAL com.richasdy.HelloLogging.Log4j.HelloLog4j:main:35 - This is fatal : richasdy
2016-10-09 07:23:10,947 TRACE com.richasdy.HelloLogging.Log4j.HelloLog4j:main:22 - This is trace : richasdy
2016-10-09 07:23:11,688 DEBUG com.richasdy.HelloLogging.Log4j.HelloLog4j:main:26 - This is debug : richasdy
2016-10-09 07:23:11,690 INFO  com.richasdy.HelloLogging.Log4j.HelloLog4j:main:30 - This is info : richasdy
2016-10-09 07:23:11,692 WARN  com.richasdy.HelloLogging.Log4j.HelloLog4j:main:33 - This is warn : richasdy
2016-10-09 07:23:11,693 ERROR com.richasdy.HelloLogging.Log4j.HelloLog4j:main:34 - This is error : richasdy
2016-10-09 07:23:11,699 FATAL com.richasdy.HelloLogging.Log4j.HelloLog4j:main:35 - This is fatal : richasdy
2016-10-09 07:23:55,039 TRACE com.richasdy.HelloLogging.Log4j.HelloLog4j:main:22 - This is trace : richasdy
2016-10-09 07:23:56,125 DEBUG com.richasdy.HelloLogging.Log4j.HelloLog4j:main:26 - This is debug : richasdy
2016-10-09 07:23:56,127 INFO  com.richasdy.HelloLogging.Log4j.HelloLog4j:main:30 - This is info : richasdy
2016-10-09 07:23:56,129 WARN  com.richasdy.HelloLogging.Log4j.HelloLog4j:main:33 - This is warn : richasdy
2016-10-09 07:23:56,130 ERROR com.richasdy.HelloLogging.Log4j.HelloLog4j:main:34 - This is error : richasdy
2016-10-09 07:23:56,131 FATAL com.richasdy.HelloLogging.Log4j.HelloLog4j:main:35 - This is fatal : richasdy
2016-10-09 07:24:20,039 TRACE com.richasdy.HelloLogging.Log4j.HelloLog4j:main:22 - This is trace : richasdy
2016-10-09 07:24:20,760 DEBUG com.richasdy.HelloLogging.Log4j.HelloLog4j:main:26 - This is debug : richasdy
2016-10-09 07:24:20,762 INFO  com.richasdy.HelloLogging.Log4j.HelloLog4j:main:30 - This is info : richasdy
2016-10-09 07:24:20,763 WARN  com.richasdy.HelloLogging.Log4j.HelloLog4j:main:33 - This is warn : richasdy
2016-10-09 07:24:20,765 ERROR com.richasdy.HelloLogging.Log4j.HelloLog4j:main:34 - This is error : richasdy
2016-10-09 07:24:20,766 FATAL com.richasdy.HelloLogging.Log4j.HelloLog4j:main:35 - This is fatal : richasdy
2016-10-09 07:24:48,772 TRACE com.richasdy.HelloLogging.Log4j.HelloLog4j:main:22 - This is trace : richasdy
2016-10-09 07:24:49,906 DEBUG com.richasdy.HelloLogging.Log4j.HelloLog4j:main:26 - This is debug : richasdy
2016-10-09 07:24:49,908 INFO  com.richasdy.HelloLogging.Log4j.HelloLog4j:main:30 - This is info : richasdy
2016-10-09 07:24:49,911 WARN  com.richasdy.HelloLogging.Log4j.HelloLog4j:main:33 - This is warn : richasdy
2016-10-09 07:24:49,912 ERROR com.richasdy.HelloLogging.Log4j.HelloLog4j:main:34 - This is error : richasdy
2016-10-09 07:24:49,914 FATAL com.richasdy.HelloLogging.Log4j.HelloLog4j:main:35 - This is fatal : richasdy
2016-10-09 07:26:45,346 TRACE com.richasdy.HelloLogging.Log4j.HelloLog4j:main:22 - This is trace : richasdy
2016-10-09 07:26:46,620 DEBUG com.richasdy.HelloLogging.Log4j.HelloLog4j:main:26 - This is debug : richasdy
2016-10-09 07:26:46,622 INFO  com.richasdy.HelloLogging.Log4j.HelloLog4j:main:30 - This is info : richasdy
2016-10-09 07:26:46,624 WARN  com.richasdy.HelloLogging.Log4j.HelloLog4j:main:33 - This is warn : richasdy
2016-10-09 07:26:46,625 ERROR com.richasdy.HelloLogging.Log4j.HelloLog4j:main:34 - This is error : richasdy
2016-10-09 07:26:46,627 FATAL com.richasdy.HelloLogging.Log4j.HelloLog4j:main:35 - This is fatal : richasdy
2016-10-09 07:29:13,039 TRACE com.richasdy.HelloLogging.Log4j.HelloLog4j:main:22 - This is trace : richasdy
2016-10-09 07:29:13,766 DEBUG com.richasdy.HelloLogging.Log4j.HelloLog4j:main:26 - This is debug : richasdy
2016-10-09 07:29:13,767 INFO  com.richasdy.HelloLogging.Log4j.HelloLog4j:main:30 - This is info : richasdy
2016-10-09 07:29:13,769 WARN  com.richasdy.HelloLogging.Log4j.HelloLog4j:main:33 - This is warn : richasdy
2016-10-09 07:29:13,770 ERROR com.richasdy.HelloLogging.Log4j.HelloLog4j:main:34 - This is error : richasdy
2016-10-09 07:29:13,772 FATAL com.richasdy.HelloLogging.Log4j.HelloLog4j:main:35 - This is fatal : richasdy
2016-10-09 07:29:52,581 TRACE com.richasdy.HelloLogging.CommonLogging.HelloCommonLogging:main:27 - This is commonloggin trace : richasdy
2016-10-09 07:29:53,700 DEBUG com.richasdy.HelloLogging.CommonLogging.HelloCommonLogging:main:31 - This is commonloggin debug : richasdy
2016-10-09 07:29:53,701 INFO  com.richasdy.HelloLogging.CommonLogging.HelloCommonLogging:main:35 - This is commonloggin info : richasdy
2016-10-09 07:29:53,702 WARN  com.richasdy.HelloLogging.CommonLogging.HelloCommonLogging:main:38 - This is commonloggin warn : richasdy
2016-10-09 07:29:53,702 ERROR com.richasdy.HelloLogging.CommonLogging.HelloCommonLogging:main:39 - This is commonloggin error : richasdy
2016-10-09 07:29:53,703 FATAL com.richasdy.HelloLogging.CommonLogging.HelloCommonLogging:main:40 - This is commonloggin fatal : richasdy
2016-10-09 07:31:00,388 TRACE com.richasdy.HelloLogging.CommonLogging.HelloCommonLogging:main:27 - This is common trace : richasdy
2016-10-09 07:31:01,118 DEBUG com.richasdy.HelloLogging.CommonLogging.HelloCommonLogging:main:31 - This is common debug : richasdy
2016-10-09 07:31:01,119 INFO  com.richasdy.HelloLogging.CommonLogging.HelloCommonLogging:main:35 - This is common info : richasdy
2016-10-09 07:31:01,120 WARN  com.richasdy.HelloLogging.CommonLogging.HelloCommonLogging:main:38 - This is common warn : richasdy
2016-10-09 07:31:01,121 ERROR com.richasdy.HelloLogging.CommonLogging.HelloCommonLogging:main:39 - This is common error : richasdy
2016-10-09 07:31:01,121 FATAL com.richasdy.HelloLogging.CommonLogging.HelloCommonLogging:main:40 - This is common fatal : richasdy
2016-10-09 07:31:26,321 TRACE com.richasdy.HelloLogging.CommonLogging.HelloCommonLogging:main:27 - This is trace : richasdy
2016-10-09 07:31:27,036 DEBUG com.richasdy.HelloLogging.CommonLogging.HelloCommonLogging:main:31 - This is debug : richasdy
2016-10-09 07:31:27,037 INFO  com.richasdy.HelloLogging.CommonLogging.HelloCommonLogging:main:35 - This is info : richasdy
2016-10-09 07:31:27,038 WARN  com.richasdy.HelloLogging.CommonLogging.HelloCommonLogging:main:38 - This is warn : richasdy
2016-10-09 07:31:27,039 ERROR com.richasdy.HelloLogging.CommonLogging.HelloCommonLogging:main:39 - This is error : richasdy
2016-10-09 07:31:27,040 FATAL com.richasdy.HelloLogging.CommonLogging.HelloCommonLogging:main:40 - This is fatal : richasdy
2016-10-09 07:31:58,484 TRACE com.richasdy.HelloLogging.CommonLogging.HelloCommonLogging:main:27 - This is trace : richasdy
2016-10-09 07:31:59,657 DEBUG com.richasdy.HelloLogging.CommonLogging.HelloCommonLogging:main:31 - This is debug : richasdy
2016-10-09 07:31:59,658 INFO  com.richasdy.HelloLogging.CommonLogging.HelloCommonLogging:main:35 - This is info : richasdy
2016-10-09 07:31:59,659 WARN  com.richasdy.HelloLogging.CommonLogging.HelloCommonLogging:main:38 - This is warn : richasdy
2016-10-09 07:31:59,660 ERROR com.richasdy.HelloLogging.CommonLogging.HelloCommonLogging:main:39 - This is error : richasdy
2016-10-09 07:31:59,661 FATAL com.richasdy.HelloLogging.CommonLogging.HelloCommonLogging:main:40 - This is fatal : richasdy
2016-10-09 07:32:06,403 TRACE com.richasdy.HelloLogging.Log4j.HelloLog4j:main:22 - This is trace : richasdy
2016-10-09 07:32:06,707 DEBUG com.richasdy.HelloLogging.Log4j.HelloLog4j:main:26 - This is debug : richasdy
2016-10-09 07:32:06,709 INFO  com.richasdy.HelloLogging.Log4j.HelloLog4j:main:30 - This is info : richasdy
2016-10-09 07:32:06,710 WARN  com.richasdy.HelloLogging.Log4j.HelloLog4j:main:33 - This is warn : richasdy
2016-10-09 07:32:06,711 ERROR com.richasdy.HelloLogging.Log4j.HelloLog4j:main:34 - This is error : richasdy
2016-10-09 07:32:06,712 FATAL com.richasdy.HelloLogging.Log4j.HelloLog4j:main:35 - This is fatal : richasdy
