21:48:23,344 TRACE HelloLog4j:main:22 - This is trace : richasdy
21:48:23,348 DEBUG HelloLog4j:main:26 - This is debug : richasdy
21:48:23,348 INFO  HelloLog4j:main:30 - This is info : richasdy
21:48:23,349 WARN  HelloLog4j:main:33 - This is warn : richasdy
21:48:23,349 ERROR HelloLog4j:main:34 - This is error : richasdy
21:48:23,349 FATAL HelloLog4j:main:35 - This is fatal : richasdy
21:54:06,099 TRACE HelloLog4j:main:22 - This is trace : richasdy
21:54:06,102 DEBUG HelloLog4j:main:26 - This is debug : richasdy
21:54:06,102 INFO  HelloLog4j:main:30 - This is info : richasdy
21:54:06,102 WARN  HelloLog4j:main:33 - This is warn : richasdy
21:54:06,103 ERROR HelloLog4j:main:34 - This is error : richasdy
21:54:06,103 FATAL HelloLog4j:main:35 - This is fatal : richasdy
21:54:30,257 TRACE HelloLog4j:main:22 - This is trace : richasdy
21:54:30,266 DEBUG HelloLog4j:main:26 - This is debug : richasdy
21:54:30,266 INFO  HelloLog4j:main:30 - This is info : richasdy
21:54:30,267 WARN  HelloLog4j:main:33 - This is warn : richasdy
21:54:30,267 ERROR HelloLog4j:main:34 - This is error : richasdy
21:54:30,268 FATAL HelloLog4j:main:35 - This is fatal : richasdy
21:55:16,988 TRACE HelloLog4j:main:22 - This is trace : richasdy
21:55:17,988 DEBUG HelloLog4j:main:26 - This is debug : richasdy
21:55:17,989 INFO  HelloLog4j:main:30 - This is info : richasdy
21:55:17,990 WARN  HelloLog4j:main:33 - This is warn : richasdy
21:55:17,990 ERROR HelloLog4j:main:34 - This is error : richasdy
21:55:17,991 FATAL HelloLog4j:main:35 - This is fatal : richasdy
21:55:45,719 TRACE HelloLog4j:main:22 - This is trace : richasdy
21:55:46,865 DEBUG HelloLog4j:main:26 - This is debug : richasdy
21:55:46,866 INFO  HelloLog4j:main:30 - This is info : richasdy
21:55:46,867 WARN  HelloLog4j:main:33 - This is warn : richasdy
21:55:46,867 ERROR HelloLog4j:main:34 - This is error : richasdy
21:55:46,868 FATAL HelloLog4j:main:35 - This is fatal : richasdy
21:56:49,018 TRACE HelloLog4j:main:22 - This is trace : richasdy
21:56:50,143 DEBUG HelloLog4j:main:26 - This is debug : richasdy
21:56:50,144 INFO  HelloLog4j:main:30 - This is info : richasdy
21:56:50,144 WARN  HelloLog4j:main:33 - This is warn : richasdy
21:56:50,145 ERROR HelloLog4j:main:34 - This is error : richasdy
21:56:50,146 FATAL HelloLog4j:main:35 - This is fatal : richasdy
21:58:21,057 TRACE HelloLog4j:main:22 - This is trace : richasdy
21:58:22,303 DEBUG HelloLog4j:main:26 - This is debug : richasdy
21:58:22,304 INFO  HelloLog4j:main:30 - This is info : richasdy
21:58:22,305 WARN  HelloLog4j:main:33 - This is warn : richasdy
21:58:22,306 ERROR HelloLog4j:main:34 - This is error : richasdy
21:58:22,307 FATAL HelloLog4j:main:35 - This is fatal : richasdy
21:59:31,766 TRACE HelloLog4j:main:22 - This is trace : richasdy
21:59:32,963 DEBUG HelloLog4j:main:26 - This is debug : richasdy
21:59:32,965 INFO  HelloLog4j:main:30 - This is info : richasdy
21:59:32,966 WARN  HelloLog4j:main:33 - This is warn : richasdy
21:59:32,966 ERROR HelloLog4j:main:34 - This is error : richasdy
21:59:32,967 FATAL HelloLog4j:main:35 - This is fatal : richasdy
22:03:21,025 TRACE HelloLog4j:main:22 - This is trace : richasdy
22:03:22,131 DEBUG HelloLog4j:main:26 - This is debug : richasdy
22:03:22,132 INFO  HelloLog4j:main:30 - This is info : richasdy
22:03:22,133 WARN  HelloLog4j:main:33 - This is warn : richasdy
22:03:22,134 ERROR HelloLog4j:main:34 - This is error : richasdy
22:03:22,135 FATAL HelloLog4j:main:35 - This is fatal : richasdy
22:07:15,522 TRACE HelloLog4j:main:22 - This is trace : richasdy
22:07:16,538 DEBUG HelloLog4j:main:26 - This is debug : richasdy
22:07:16,539 INFO  HelloLog4j:main:30 - This is info : richasdy
22:07:16,540 WARN  HelloLog4j:main:33 - This is warn : richasdy
22:07:16,541 ERROR HelloLog4j:main:34 - This is error : richasdy
22:07:16,541 FATAL HelloLog4j:main:35 - This is fatal : richasdy
22:09:42,564 TRACE HelloLog4j:main:22 - This is trace : richasdy
22:09:43,240 DEBUG HelloLog4j:main:26 - This is debug : richasdy
22:09:43,241 INFO  HelloLog4j:main:30 - This is info : richasdy
22:09:43,242 WARN  HelloLog4j:main:33 - This is warn : richasdy
22:09:43,243 ERROR HelloLog4j:main:34 - This is error : richasdy
22:09:43,243 FATAL HelloLog4j:main:35 - This is fatal : richasdy
22:10:14,154 TRACE HelloLog4j:main:22 - This is trace : richasdy
22:10:15,330 DEBUG HelloLog4j:main:26 - This is debug : richasdy
22:10:15,331 INFO  HelloLog4j:main:30 - This is info : richasdy
22:10:15,332 WARN  HelloLog4j:main:33 - This is warn : richasdy
22:10:15,333 ERROR HelloLog4j:main:34 - This is error : richasdy
22:10:15,334 FATAL HelloLog4j:main:35 - This is fatal : richasdy
